[2026-01-13 09:29:24,218] multiqc                                            [DEBUG  ]  This is MultiQC v1.17
[2026-01-13 09:29:24,218] multiqc                                            [DEBUG  ]  Command used: /home/dsm_23110700129/miniconda3/envs/mapping/bin/multiqc ./
[2026-01-13 09:29:29,472] multiqc                                            [DEBUG  ]  Could not connect to multiqc.info for version check: <urlopen error timed out>
[2026-01-13 09:29:29,473] multiqc                                            [DEBUG  ]  Working dir : /cpfs01/projects-HDD/cfff-e44ef5cf7aa5_HDD/dsm_23110700129/HCC1395_DNA/WGS_add/Analysis_pipeline/WGS_QC.fastqscreen
[2026-01-13 09:29:29,473] multiqc                                            [DEBUG  ]  Template    : default
[2026-01-13 09:29:29,473] multiqc                                            [DEBUG  ]  Running Python 3.12.0 | packaged by conda-forge | (main, Oct  3 2023, 08:43:22) [GCC 12.3.0]
[2026-01-13 09:29:29,473] multiqc                                            [DEBUG  ]  Analysing modules: custom_content, ccs, ngsderive, purple, conpair, lima, peddy, somalier, methylQA, mosdepth, phantompeakqualtools, qualimap, preseq, hifiasm, quast, qorts, rna_seqc, rockhopper, rsem, rseqc, busco, bustools, goleft_indexcov, gffcompare, disambiguate, supernova, deeptools, sargasso, verifybamid, mirtrace, happy, mirtop, sambamba, gopeaks, homer, hops, macs2, theta2, snpeff, gatk, htseq, bcftools, featureCounts, fgbio, dragen, dragen_fastqc, dedup, pbmarkdup, damageprofiler, mapdamage, biobambam2, jcvi, mtnucratio, picard, vep, sentieon, bakta, prokka, qc3C, nanostat, samblaster, samtools, sexdeterrmine, eigenstratdatabasetools, bamtools, jellyfish, vcftools, longranger, stacks, varscan2, snippy, umitools, truvari, bbmap, bismark, biscuit, diamond, hicexplorer, hicup, hicpro, salmon, kallisto, slamdunk, star, hisat2, tophat, bowtie2, bowtie1, cellranger, snpsplit, odgi, pangolin, nextclade, freyja, humid, kat, leehom, librarian, adapterRemoval, bbduk, clipandmerge, cutadapt, flexbar, sourmash, kaiju, bracken, kraken, malt, motus, trimmomatic, sickle, skewer, sortmerna, biobloomtools, fastq_screen, afterqc, fastp, fastqc, filtlong, prinseqplusplus, pychopper, porechop, pycoqc, minionqc, anglerfish, multivcfanalyzer, clusterflow, checkqc, bcl2fastq, bclconvert, interop, ivar, flash, seqyclean, optitype, whatshap
[2026-01-13 09:29:29,473] multiqc                                            [DEBUG  ]  Using temporary directory for creating report: /tmp/tmp_y7o8jbu
[2026-01-13 09:29:29,474] multiqc                                            [INFO   ]  Search path : /cpfs01/projects-HDD/cfff-e44ef5cf7aa5_HDD/dsm_23110700129/HCC1395_DNA/WGS_add/Analysis_pipeline/WGS_QC.fastqscreen
[2026-01-13 09:29:32,026] multiqc                                            [DEBUG  ]  Summary of files that were skipped by the search: [skipped_module_specific_max_filesize: 559] // [skipped_no_match: 236] // [skipped_ignore_pattern: 1]
[2026-01-13 09:29:32,255] multiqc.plots.bargraph                             [DEBUG  ]  Using matplotlib version 3.8.0
[2026-01-13 09:29:32,256] multiqc.plots.linegraph                            [DEBUG  ]  Using matplotlib version 3.8.0
[2026-01-13 09:29:32,256] multiqc                                            [DEBUG  ]  No samples found: custom_content
[2026-01-13 09:29:32,257] multiqc                                            [DEBUG  ]  No samples found: snippy
[2026-01-13 09:29:32,295] multiqc.modules.fastq_screen.fastq_screen          [INFO   ]  Found 77 reports
[2026-01-13 09:29:32,301] multiqc.utils.software_versions                    [DEBUG  ]  Reading software versions from config.software_versions
[2026-01-13 09:29:32,302] multiqc                                            [DEBUG  ]  Compressing plot data
[2026-01-13 09:29:32,310] multiqc                                            [INFO   ]  Report      : multiqc_report.html
[2026-01-13 09:29:32,311] multiqc                                            [INFO   ]  Data        : multiqc_data
[2026-01-13 09:29:32,311] multiqc                                            [DEBUG  ]  Moving data file from '/tmp/tmp_y7o8jbu/multiqc_data' to '/cpfs01/projects-HDD/cfff-e44ef5cf7aa5_HDD/dsm_23110700129/HCC1395_DNA/WGS_add/Analysis_pipeline/WGS_QC.fastqscreen/multiqc_data'
[2026-01-13 09:29:32,314] multiqc                                            [DEBUG  ]  Full report path: /cpfs01/projects-HDD/cfff-e44ef5cf7aa5_HDD/dsm_23110700129/HCC1395_DNA/WGS_add/Analysis_pipeline/WGS_QC.fastqscreen/multiqc_report.html
[2026-01-13 09:29:32,373] multiqc                                            [INFO   ]  MultiQC complete
